build/app/intermediates/manifest_merge_blame_file/debug/manifest-merger-blame-debug-report.txt
1<?xml version="1.0" encoding="utf-8"?>
2<manifest xmlns:android="http://schemas.android.com/apk/res/android"
3    package="com.example.example_location"
4    android:versionCode="1"
5    android:versionName="1.0.0" >
6
7    <uses-sdk
8        android:minSdkVersion="16"
9        android:targetSdkVersion="33" />
10    <!--
11         The INTERNET permission is required for development. Specifically,
12         the Flutter tool needs it to communicate with the running application
13         to allow setting breakpoints, to provide hot reload, etc.
14    -->
15    <uses-permission android:name="android.permission.INTERNET" />
15-->src/debug/AndroidManifest.xml:6:5-66
15-->src/debug/AndroidManifest.xml:6:22-64
16    <uses-permission android:name="android.permission.ACCESS_BACKGROUND_LOCATION" />
16-->[:background_location_tracker] AndroidManifest.xml:9:5-85
16-->[:background_location_tracker] AndroidManifest.xml:9:22-82
17    <uses-permission android:name="android.permission.FOREGROUND_SERVICE" />
17-->[:background_location_tracker] AndroidManifest.xml:10:5-77
17-->[:background_location_tracker] AndroidManifest.xml:10:22-74
18    <uses-permission android:name="android.permission.WAKE_LOCK" />
18-->[:background_location_tracker] AndroidManifest.xml:11:5-68
18-->[:background_location_tracker] AndroidManifest.xml:11:22-65
19    <uses-permission android:name="android.permission.ACCESS_FINE_LOCATION" />
19-->[:background_location_tracker] AndroidManifest.xml:12:5-79
19-->[:background_location_tracker] AndroidManifest.xml:12:22-76
20    <uses-permission android:name="android.permission.RECEIVE_BOOT_COMPLETED" />
20-->[:flutter_local_notifications] AndroidManifest.xml:9:5-81
20-->[:flutter_local_notifications] AndroidManifest.xml:9:22-78
21    <uses-permission android:name="android.permission.VIBRATE" />
21-->[:flutter_local_notifications] AndroidManifest.xml:10:5-66
21-->[:flutter_local_notifications] AndroidManifest.xml:10:22-63
22    <uses-permission android:name="android.permission.USE_FULL_SCREEN_INTENT" />
22-->[:flutter_local_notifications] AndroidManifest.xml:11:5-81
22-->[:flutter_local_notifications] AndroidManifest.xml:11:22-78
23    <uses-permission android:name="android.permission.SCHEDULE_EXACT_ALARM" />
23-->[:flutter_local_notifications] AndroidManifest.xml:12:5-79
23-->[:flutter_local_notifications] AndroidManifest.xml:12:22-76
24    <uses-permission android:name="android.permission.POST_NOTIFICATIONS" />
24-->[:flutter_local_notifications] AndroidManifest.xml:13:5-77
24-->[:flutter_local_notifications] AndroidManifest.xml:13:22-74
25    <uses-permission android:name="android.permission.ACCESS_COARSE_LOCATION" />
25-->[:location] AndroidManifest.xml:9:5-81
25-->[:location] AndroidManifest.xml:9:22-78
26
27    <permission
27-->[androidx.core:core:1.10.1] AndroidManifest.xml:22:5-24:47
28        android:name="com.example.example_location.DYNAMIC_RECEIVER_NOT_EXPORTED_PERMISSION"
28-->[androidx.core:core:1.10.1] AndroidManifest.xml:23:9-81
29        android:protectionLevel="signature" />
29-->[androidx.core:core:1.10.1] AndroidManifest.xml:24:9-44
30
31    <uses-permission android:name="com.example.example_location.DYNAMIC_RECEIVER_NOT_EXPORTED_PERMISSION" />
31-->[androidx.core:core:1.10.1] AndroidManifest.xml:26:5-97
31-->[androidx.core:core:1.10.1] AndroidManifest.xml:26:22-94
32
33    <application
34        android:name="android.app.Application"
35        android:appComponentFactory="androidx.core.app.CoreComponentFactory"
35-->[androidx.core:core:1.10.1] AndroidManifest.xml:28:18-86
36        android:debuggable="true"
37        android:icon="@mipmap/ic_launcher"
38        android:label="example_location" >
39        <activity
40            android:name="com.example.example_location.MainActivity"
41            android:configChanges="orientation|keyboardHidden|keyboard|screenSize|smallestScreenSize|locale|layoutDirection|fontScale|screenLayout|density|uiMode"
42            android:exported="true"
43            android:hardwareAccelerated="true"
44            android:launchMode="singleTop"
45            android:theme="@style/LaunchTheme"
46            android:windowSoftInputMode="adjustResize" >
47
48            <!--
49                 Specifies an Android theme to apply to this Activity as soon as
50                 the Android process has started. This theme is visible to the user
51                 while the Flutter UI initializes. After that, this theme continues
52                 to determine the Window background behind the Flutter UI.
53            -->
54            <meta-data
55                android:name="io.flutter.embedding.android.NormalTheme"
56                android:resource="@style/NormalTheme" />
57
58            <intent-filter>
59                <action android:name="android.intent.action.MAIN" />
60
61                <category android:name="android.intent.category.LAUNCHER" />
62            </intent-filter>
63        </activity>
64        <!--
65             Don't delete the meta-data below.
66             This is used by the Flutter tool to generate GeneratedPluginRegistrant.java
67        -->
68        <meta-data
69            android:name="flutterEmbedding"
70            android:value="2" />
71
72        <service
72-->[:background_location_tracker] AndroidManifest.xml:15:9-19:56
73            android:name="com.icapps.background_location_tracker.service.LocationUpdatesService"
73-->[:background_location_tracker] AndroidManifest.xml:16:13-97
74            android:enabled="true"
74-->[:background_location_tracker] AndroidManifest.xml:17:13-35
75            android:exported="true"
75-->[:background_location_tracker] AndroidManifest.xml:18:13-36
76            android:foregroundServiceType="location" />
76-->[:background_location_tracker] AndroidManifest.xml:19:13-53
77
78        <receiver
78-->[:flutter_local_notifications] AndroidManifest.xml:16:9-18:40
79            android:name="com.dexterous.flutterlocalnotifications.ActionBroadcastReceiver"
79-->[:flutter_local_notifications] AndroidManifest.xml:17:13-91
80            android:exported="false" />
80-->[:flutter_local_notifications] AndroidManifest.xml:18:13-37
81        <receiver
81-->[:flutter_local_notifications] AndroidManifest.xml:19:9-21:40
82            android:name="com.dexterous.flutterlocalnotifications.ScheduledNotificationReceiver"
82-->[:flutter_local_notifications] AndroidManifest.xml:20:13-97
83            android:exported="false" />
83-->[:flutter_local_notifications] AndroidManifest.xml:21:13-37
84        <receiver
84-->[:flutter_local_notifications] AndroidManifest.xml:22:9-31:20
85            android:name="com.dexterous.flutterlocalnotifications.ScheduledNotificationBootReceiver"
85-->[:flutter_local_notifications] AndroidManifest.xml:23:13-101
86            android:exported="false" >
86-->[:flutter_local_notifications] AndroidManifest.xml:24:13-37
87            <intent-filter>
87-->[:flutter_local_notifications] AndroidManifest.xml:25:13-30:29
88                <action android:name="android.intent.action.BOOT_COMPLETED" />
88-->[:flutter_local_notifications] AndroidManifest.xml:26:17-79
88-->[:flutter_local_notifications] AndroidManifest.xml:26:25-76
89                <action android:name="android.intent.action.MY_PACKAGE_REPLACED" />
89-->[:flutter_local_notifications] AndroidManifest.xml:27:17-84
89-->[:flutter_local_notifications] AndroidManifest.xml:27:25-81
90                <action android:name="android.intent.action.QUICKBOOT_POWERON" />
90-->[:flutter_local_notifications] AndroidManifest.xml:28:17-82
90-->[:flutter_local_notifications] AndroidManifest.xml:28:25-79
91                <action android:name="com.htc.intent.action.QUICKBOOT_POWERON" />
91-->[:flutter_local_notifications] AndroidManifest.xml:29:17-82
91-->[:flutter_local_notifications] AndroidManifest.xml:29:25-79
92            </intent-filter>
93        </receiver>
94
95        <service
95-->[:location] AndroidManifest.xml:13:9-17:56
96            android:name="com.lyokone.location.FlutterLocationService"
96-->[:location] AndroidManifest.xml:14:13-71
97            android:enabled="true"
97-->[:location] AndroidManifest.xml:15:13-35
98            android:exported="false"
98-->[:location] AndroidManifest.xml:16:13-37
99            android:foregroundServiceType="location" />
99-->[:location] AndroidManifest.xml:17:13-53
100
101        <uses-library
101-->[androidx.window:window:1.0.0-beta04] AndroidManifest.xml:25:9-27:40
102            android:name="androidx.window.extensions"
102-->[androidx.window:window:1.0.0-beta04] AndroidManifest.xml:26:13-54
103            android:required="false" />
103-->[androidx.window:window:1.0.0-beta04] AndroidManifest.xml:27:13-37
104        <uses-library
104-->[androidx.window:window:1.0.0-beta04] AndroidManifest.xml:28:9-30:40
105            android:name="androidx.window.sidecar"
105-->[androidx.window:window:1.0.0-beta04] AndroidManifest.xml:29:13-51
106            android:required="false" />
106-->[androidx.window:window:1.0.0-beta04] AndroidManifest.xml:30:13-37
107
108        <activity
108-->[com.google.android.gms:play-services-base:18.1.0] AndroidManifest.xml:20:9-22:45
109            android:name="com.google.android.gms.common.api.GoogleApiActivity"
109-->[com.google.android.gms:play-services-base:18.1.0] AndroidManifest.xml:20:19-85
110            android:exported="false"
110-->[com.google.android.gms:play-services-base:18.1.0] AndroidManifest.xml:22:19-43
111            android:theme="@android:style/Theme.Translucent.NoTitleBar" />
111-->[com.google.android.gms:play-services-base:18.1.0] AndroidManifest.xml:21:19-78
112
113        <meta-data
113-->[com.google.android.gms:play-services-basement:18.1.0] AndroidManifest.xml:21:9-23:69
114            android:name="com.google.android.gms.version"
114-->[com.google.android.gms:play-services-basement:18.1.0] AndroidManifest.xml:22:13-58
115            android:value="@integer/google_play_services_version" />
115-->[com.google.android.gms:play-services-basement:18.1.0] AndroidManifest.xml:23:13-66
116    </application>
117
118</manifest>